  ForwardList.cpp
D:\c++\listf\listf\forwardListIterator.h(9,9): error C2143: syntax error: missing ';' before '<'
D:\c++\listf\listf\forwardListIterator.h(15): message : see reference to class template instantiation 'ForwardListIterator<T>' being compiled
D:\c++\listf\listf\forwardListIterator.h(9,1): error C4430: missing type specifier - int assumed. Note: C++ does not support default-int
D:\c++\listf\listf\forwardListIterator.h(9,1): error C2238: unexpected token(s) preceding ';'
D:\c++\listf\listf\forwardListIterator.h(11,25): error C2061: syntax error: identifier 'Node'
  ForwardListIterator.cpp
D:\c++\listf\listf\ForwardList.h(32,24): error C2143: syntax error: missing ';' before '<'
D:\c++\listf\listf\ForwardList.h(34): message : see reference to class template instantiation 'ForwardList<T>' being compiled
D:\c++\listf\listf\ForwardList.h(32,1): error C4430: missing type specifier - int assumed. Note: C++ does not support default-int
D:\c++\listf\listf\ForwardList.h(32,1): error C2238: unexpected token(s) preceding ';'
D:\c++\listf\listf\ForwardList.h(33,24): error C2143: syntax error: missing ';' before '<'
D:\c++\listf\listf\ForwardList.h(33,1): error C4430: missing type specifier - int assumed. Note: C++ does not support default-int
D:\c++\listf\listf\ForwardList.h(33,1): error C2238: unexpected token(s) preceding ';'
D:\c++\listf\listf\ForwardListIterator.cpp(28,1): error C2059: syntax error: 'template'
  main.cpp
D:\c++\listf\listf\forwardListIterator.h(9,9): error C2143: syntax error: missing ';' before '<'
D:\c++\listf\listf\forwardListIterator.h(15): message : see reference to class template instantiation 'ForwardListIterator<T>' being compiled
D:\c++\listf\listf\forwardListIterator.h(9,1): error C4430: missing type specifier - int assumed. Note: C++ does not support default-int
D:\c++\listf\listf\forwardListIterator.h(9,1): error C2238: unexpected token(s) preceding ';'
D:\c++\listf\listf\forwardListIterator.h(11,25): error C2061: syntax error: identifier 'Node'
  Generating Code...
